gumingbang/proguard.cfg
-optimizationpasses 5
-dontusemixedcaseclassnames
-dontskipnonpubliclibraryclasses
-dontpreverify
-verbose
-optimizations !code/simplification/arithmetic,!field/*,!class/merging/*

-dontwarn
-keep public class com.adview.** {*;} 
-keeppackagenames com.madhouse.android.ads
-keepclassmembers class * {public *;}
-keep public class com.wqmobile.sdk.** {*;} 
-keep public class * {public *;}
-keep public class com.adwo.adsdk.AdwoAdBrowserActivity
-keep public class com.wooboo.** {*;}
-keep public class cn.aduu.adsdk.**{*;}
-keep class net.youmi.android.** {*;}
-keep public class * extends android.app.Activity
-keep public class * extends android.app.Application
-keep public class * extends android.app.Service
-keep public class * extends android.content.BroadcastReceiver
-keep public class * extends android.content.ContentProvider
-keep public class com.android.vending.licensing.ILicensingService
-keep public class MobWin.*
-keep public class MobWin.cnst.*
-keep class com.tencent.lbsapi.*
-keep class com.tencent.lbsapi.core.*
-keep class LBSAPIProtocol.*
-keep class com.tencent.lbsapi.core.QLBSJNI {
*;
}
-keepclasseswithmembernames class * {
    native <methods>;
}

-keepclasseswithmembernames class * {
    public <init>(android.content.Context, android.util.AttributeSet);
}

-keepclasseswithmembernames class * {
    public <init>(android.content.Context, android.util.AttributeSet, int);
}

-keepclassmembers enum * {
    public static **[] values();
    public static ** valueOf(java.lang.String);
}

-keep class * implements android.os.Parcelable {
  public static final android.os.Parcelable$Creator *;
}