gumingbang/proguard/seeds.txt
com.farsunset.mimi.ui.NewVersionActivity$1: void onClick(android.view.View)
com.farsunset.mimi.ui.NewVersionActivity$2: void onClick(android.view.View)
com.farsunset.mimi.ui.R
com.farsunset.mimi.ui.R: R()
com.farsunset.mimi.ui.R$anim
com.farsunset.mimi.ui.R$anim: int admin_bannner_loading
com.farsunset.mimi.ui.R$anim: int appear
com.farsunset.mimi.ui.R$anim: int disappear
com.farsunset.mimi.ui.R$anim: int slide_in_left
com.farsunset.mimi.ui.R$anim: int slide_in_right
com.farsunset.mimi.ui.R$anim: int slide_in_top
com.farsunset.mimi.ui.R$anim: R$anim()
com.farsunset.mimi.ui.R$array
com.farsunset.mimi.ui.R$array: int colors
com.farsunset.mimi.ui.R$array: R$array()
com.farsunset.mimi.ui.R$attr
com.farsunset.mimi.ui.R$attr: int Items
com.farsunset.mimi.ui.R$attr: int SelectedItem
com.farsunset.mimi.ui.R$attr: int UseReflection
com.farsunset.mimi.ui.R$attr: int maxQuantity
com.farsunset.mimi.ui.R$attr: int maxTheta
com.farsunset.mimi.ui.R$attr: int minQuantity
com.farsunset.mimi.ui.R$attr: R$attr()
com.farsunset.mimi.ui.R$color
com.farsunset.mimi.ui.R$color: int black
com.farsunset.mimi.ui.R$color: int blue
com.farsunset.mimi.ui.R$color: int gray
com.farsunset.mimi.ui.R$color: int green
com.farsunset.mimi.ui.R$color: int light_white
com.farsunset.mimi.ui.R$color: int orange
com.farsunset.mimi.ui.R$color: int red
com.farsunset.mimi.ui.R$color: int transparent
com.farsunset.mimi.ui.R$color: int white
com.farsunset.mimi.ui.R$color: int window_bg
com.farsunset.mimi.ui.R$color: R$color()
com.farsunset.mimi.ui.R$drawable
com.farsunset.mimi.ui.R$drawable: int aicon_error
com.farsunset.mimi.ui.R$drawable: int arrow
com.farsunset.mimi.ui.R$drawable: int backtop_button
com.farsunset.mimi.ui.R$drawable: int backtop_down
com.farsunset.mimi.ui.R$drawable: int backtop_still
com.farsunset.mimi.ui.R$drawable: int bg_card
com.farsunset.mimi.ui.R$drawable: int bg_card_inner_bottom
com.farsunset.mimi.ui.R$drawable: int bg_card_inner_bottom_normal
com.farsunset.mimi.ui.R$drawable: int bg_card_inner_bottom_press
com.farsunset.mimi.ui.R$drawable: int bg_card_normal
com.farsunset.mimi.ui.R$drawable: int bg_card_press
com.farsunset.mimi.ui.R$drawable: int bg_episode
com.farsunset.mimi.ui.R$drawable: int bg_setting
com.farsunset.mimi.ui.R$drawable: int bg_toolbar
com.farsunset.mimi.ui.R$drawable: int blue_button_nor
com.farsunset.mimi.ui.R$drawable: int blue_button_press
com.farsunset.mimi.ui.R$drawable: int btn_return_n
com.farsunset.mimi.ui.R$drawable: int btn_return_s
com.farsunset.mimi.ui.R$drawable: int button_blue
com.farsunset.mimi.ui.R$drawable: int button_comment
com.farsunset.mimi.ui.R$drawable: int button_comment_active
com.farsunset.mimi.ui.R$drawable: int button_comment_normal
com.farsunset.mimi.ui.R$drawable: int button_disable
com.farsunset.mimi.ui.R$drawable: int button_vote
com.farsunset.mimi.ui.R$drawable: int button_white
com.farsunset.mimi.ui.R$drawable: int button_yellow
com.farsunset.mimi.ui.R$drawable: int channel_icon_bg