gumingbang/proguard/mapping.txt
com.google.gson.Gson$4 -> com.google.gson.j:
    com.google.gson.Gson this$0 -> a
    java.lang.Double read(com.google.gson.stream.JsonReader) -> read
    void write(com.google.gson.stream.JsonWriter,java.lang.Number) -> write
    java.lang.Object read(com.google.gson.stream.JsonReader) -> read
    void write(com.google.gson.stream.JsonWriter,java.lang.Object) -> write
com.google.gson.Gson$5 -> com.google.gson.k:
    com.google.gson.Gson this$0 -> a
    java.lang.Float read(com.google.gson.stream.JsonReader) -> read
    void write(com.google.gson.stream.JsonWriter,java.lang.Number) -> write
    java.lang.Object read(com.google.gson.stream.JsonReader) -> read
    void write(com.google.gson.stream.JsonWriter,java.lang.Object) -> write
com.google.gson.Gson$6 -> com.google.gson.l:
    com.google.gson.Gson this$0 -> a
    java.lang.Number read(com.google.gson.stream.JsonReader) -> read
    void write(com.google.gson.stream.JsonWriter,java.lang.Number) -> write
    java.lang.Object read(com.google.gson.stream.JsonReader) -> read
    void write(com.google.gson.stream.JsonWriter,java.lang.Object) -> write
com.google.gson.Gson$7 -> com.google.gson.m:
    com.google.gson.TypeAdapter getNextAdapter(com.google.gson.Gson,com.google.gson.TypeAdapterFactory,com.google.gson.reflect.TypeToken) -> getNextAdapter
com.google.gson.Gson$FutureTypeAdapter -> com.google.gson.n:
    com.google.gson.TypeAdapter delegate -> a
    void setDelegate(com.google.gson.TypeAdapter) -> setDelegate
    java.lang.Object read(com.google.gson.stream.JsonReader) -> read
    void write(com.google.gson.stream.JsonWriter,java.lang.Object) -> write
com.google.gson.GsonBuilder -> com.google.gson.GsonBuilder:
    com.google.gson.internal.Excluder excluder -> a
    com.google.gson.LongSerializationPolicy longSerializationPolicy -> b
    com.google.gson.FieldNamingStrategy fieldNamingPolicy -> c
    java.util.Map instanceCreators -> d
    java.util.List factories -> e
    java.util.List hierarchyFactories -> f
    boolean serializeNulls -> g
    java.lang.String datePattern -> h
    int dateStyle -> i
    int timeStyle -> j
    boolean complexMapKeySerialization -> k
    boolean serializeSpecialFloatingPointValues -> l
    boolean escapeHtmlChars -> m
    boolean prettyPrinting -> n
    boolean generateNonExecutableJson -> o
    com.google.gson.GsonBuilder setVersion(double) -> setVersion
    com.google.gson.GsonBuilder excludeFieldsWithModifiers(int[]) -> excludeFieldsWithModifiers
    com.google.gson.GsonBuilder generateNonExecutableJson() -> generateNonExecutableJson
    com.google.gson.GsonBuilder excludeFieldsWithoutExposeAnnotation() -> excludeFieldsWithoutExposeAnnotation
    com.google.gson.GsonBuilder serializeNulls() -> serializeNulls
    com.google.gson.GsonBuilder enableComplexMapKeySerialization() -> enableComplexMapKeySerialization
    com.google.gson.GsonBuilder disableInnerClassSerialization() -> disableInnerClassSerialization
    com.google.gson.GsonBuilder setLongSerializationPolicy(com.google.gson.LongSerializationPolicy) -> setLongSerializationPolicy
com.google.gson.InstanceCreator -> com.google.gson.InstanceCreator:
    java.lang.Object createInstance(java.lang.reflect.Type) -> createInstance